<?xml version="1.0" encoding="UTF-8"?>
<coverage generated="1638912087963" clover="3.2.0">
  <project timestamp="1638912087964" name="All files">
    <metrics statements="6" coveredstatements="6" conditionals="0" coveredconditionals="0" methods="2" coveredmethods="2" elements="8" coveredelements="8" complexity="0" loc="6" ncloc="6" packages="1" files="1" classes="1"/>
    <file name="math.js" path="/home/eduardo/trybe_course/trybe_exercicios/fundamentos/bloco-7-javaScript-ES6-e-testes-unitarios/dia-3-primeiros-passos-em-jest/aula/math.js">
      <metrics statements="6" coveredstatements="6" conditionals="0" coveredconditionals="0" methods="2" coveredmethods="2"/>
      <line num="2" count="1" type="stmt"/>
      <line num="6" count="3" type="stmt"/>
      <line num="7" count="3" type="stmt"/>
      <line num="8" count="9" type="stmt"/>
      <line num="10" count="3" type="stmt"/>
      <line num="13" count="1" type="stmt"/>
    </file>
  </project>
</coverage>
