{"/home/eduardo/trybe_course/trybe_exercicios/fundamentos/bloco-7-javaScript-ES6-e-testes-unitarios/dia-3-primeiros-passos-em-jest/aula/math.js": {"path":"/home/eduardo/trybe_course/trybe_exercicios/fundamentos/bloco-7-javaScript-ES6-e-testes-unitarios/dia-3-primeiros-passos-em-jest/aula/math.js","statementMap":{"0":{"start":{"line":2,"column":2},"end":{"line":2,"column":25}},"1":{"start":{"line":6,"column":15},"end":{"line":6,"column":16}},"2":{"start":{"line":7,"column":2},"end":{"line":9,"column":3}},"3":{"start":{"line":7,"column":15},"end":{"line":7,"column":16}},"4":{"start":{"line":8,"column":4},"end":{"line":8,"column":16}},"5":{"start":{"line":10,"column":2},"end":{"line":10,"column":16}},"6":{"start":{"line":13,"column":0},"end":{"line":17,"column":2}}},"fnMap":{"0":{"name":"sum","decl":{"start":{"line":1,"column":9},"end":{"line":1,"column":12}},"loc":{"start":{"line":1,"column":29},"end":{"line":3,"column":1}},"line":1},"1":{"name":"summationOf","decl":{"start":{"line":5,"column":9},"end":{"line":5,"column":20}},"loc":{"start":{"line":5,"column":24},"end":{"line":11,"column":1}},"line":5}},"branchMap":{},"s":{"0":1,"1":3,"2":3,"3":3,"4":9,"5":3,"6":1},"f":{"0":1,"1":3},"b":{},"_coverageSchema":"1a1c01bbd47fc00a2c39e90264f33305004495a9","hash":"8290edf26a68b2f20d3f1aceec315f27cece5799"}
}
